<?xml version="1.0" encoding="UTF-8"?>
<!-- Generated by org.testng.reporters.JUnitReportReporter -->
<testsuite ignored="0" hostname="DESKTOP-CS9N8VM" failures="0" tests="1" name="Doodle_Test_cases.MakeSurvey" time="9.315" errors="0" timestamp="28 jan 2021 14:43:26 GMT" skipped="0">
  <testcase classname="Doodle_Test_cases.MakeSurvey" name="makeSurvey" time="9.315"/>
</testsuite> <!-- Doodle_Test_cases.MakeSurvey -->
