<?xml version="1.0" encoding="UTF-8"?>
<!-- Generated by org.testng.reporters.JUnitReportReporter -->
<testsuite ignored="0" hostname="DESKTOP-CS9N8VM" failures="0" tests="1" name="Doodle_Test_cases.Login" time="7.450" errors="0" timestamp="28 jan 2021 14:43:49 GMT" skipped="0">
  <testcase classname="Doodle_Test_cases.Login" name="login" time="7.450"/>
</testsuite> <!-- Doodle_Test_cases.Login -->
