<?xml version="1.0" encoding="UTF-8"?>
<!-- Generated by org.testng.reporters.JUnitReportReporter -->
<testsuite ignored="0" hostname="DESKTOP-CS9N8VM" failures="0" tests="1" name="Doodle_Test_cases.MakeSurvey" time="10.857" errors="0" timestamp="29 jan 2021 08:18:30 GMT" skipped="0">
  <testcase classname="Doodle_Test_cases.MakeSurvey" name="makeSurvey" time="10.857"/>
</testsuite> <!-- Doodle_Test_cases.MakeSurvey -->
